<?xml version="1.0" encoding="UTF-8"?>
<!-- Generated by org.testng.reporters.JUnitReportReporter -->
<testsuite hostname="Home" failures="0" tests="2" name="testng.TestNG1" time="6.975" errors="0" timestamp="2023-12-03T19:23:49 IST" skipped="0">
  <testcase classname="testng.TestNG1" name="testCase2" time="2.940"/>
  <testcase classname="testng.TestNG1" name="testCase1" time="4.035"/>
</testsuite> <!-- testng.TestNG1 -->
