<?xml version="1.0" encoding="UTF-8"?>
<!-- Generated by org.testng.reporters.JUnitReportReporter -->
<testsuite hostname="Home" failures="0" tests="3" name="runner.TestNG" time="12.711" errors="0" timestamp="2023-12-02T15:04:52 IST" skipped="0">
  <testcase classname="runner.TestNG" name="testCase1" time="1.492"/>
  <testcase classname="runner.TestNG" name="testCase3" time="3.331"/>
  <testcase classname="runner.TestNG" name="testCase2" time="7.888"/>
</testsuite> <!-- runner.TestNG -->
