<?xml version="1.0" encoding="UTF-8"?>
<!-- Generated by org.testng.reporters.JUnitReportReporter -->
<testsuite hostname="Home" failures="0" tests="3" name="testng.TestNG2" time="5.817" errors="0" timestamp="2023-12-03T22:19:16 IST" skipped="0">
  <testcase classname="testng.TestNG2" name="testCase3" time="2.097"/>
  <testcase classname="testng.TestNG2" name="testCase2" time="2.450"/>
  <testcase classname="testng.TestNG2" name="testCase1" time="1.270"/>
</testsuite> <!-- testng.TestNG2 -->
